<?xml version="1.0" encoding="UTF-8"?>
<!-- Generated by org.testng.reporters.JUnitReportReporter -->
<testsuite hostname="PTWB-IT-CPU-497" failures="0" tests="3" name="com.crm.testcases.LoginPageTest" time="58.103" errors="0" timestamp="2024-05-30T11:39:41 IST" skipped="0">
  <testcase classname="com.crm.testcases.LoginPageTest" name="loginPageTitleTest" time="13.860"/>
  <testcase classname="com.crm.testcases.LoginPageTest" name="crmlogoImageTest" time="15.653"/>
  <testcase classname="com.crm.testcases.LoginPageTest" name="loginTest" time="28.590"/>
</testsuite> <!-- com.crm.testcases.LoginPageTest -->
