<?xml version="1.0" encoding="UTF-8"?>
<!-- Generated by org.testng.reporters.JUnitReportReporter -->
<testsuite hostname="PTWB-IT-CPU-497" failures="0" tests="3" name="com.crm.testcases.HomePageTest" time="83.594" errors="0" timestamp="2024-05-30T11:39:41 IST" skipped="0">
  <testcase classname="com.crm.testcases.HomePageTest" name="verifyhomepagetitletest" time="22.675"/>
  <testcase classname="com.crm.testcases.HomePageTest" name="verifyusernametest" time="29.938"/>
  <testcase classname="com.crm.testcases.HomePageTest" name="verifycontactslinkTest" time="30.981"/>
</testsuite> <!-- com.crm.testcases.HomePageTest -->
